<?xml version="1.0" encoding="UTF-8"?>
<!-- Generated by org.testng.reporters.JUnitReportReporter -->
<testsuite hostname="DESKTOP-8SP4TE9" failures="0" tests="3" name="com.TestNGconcepts.Sampletest" time="0.018" errors="0" timestamp="2022-08-09T15:51:32 IST" skipped="0">
  <testcase classname="com.TestNGconcepts.Sampletest" name="name2" time="0.003"/>
  <system-out/>
  <testcase classname="com.TestNGconcepts.Sampletest" name="name1" time="0.010"/>
  <system-out/>
  <testcase classname="com.TestNGconcepts.Sampletest" name="name3" time="0.005"/>
  <system-out/>
</testsuite> <!-- com.TestNGconcepts.Sampletest -->
