<?xml version="1.0" encoding="UTF-8"?>
<!-- Generated by org.testng.reporters.JUnitReportReporter -->
<testsuite hostname="DESKTOP-8SP4TE9" failures="0" tests="1" name="com.TestNGconcepts.HardTest" time="0.023" errors="0" timestamp="2022-08-17T08:11:13 IST" skipped="0">
  <testcase classname="com.TestNGconcepts.HardTest" name="hardassert" time="0.023"/>
  <system-out/>
</testsuite> <!-- com.TestNGconcepts.HardTest -->
