<?xml version="1.0" encoding="UTF-8"?>
<!-- Generated by org.testng.reporters.JUnitReportReporter -->
<testsuite hostname="DESKTOP-8SP4TE9" failures="0" tests="1" name="com.TestNGconcepts.ParameterisedTest" time="0.017" errors="0" timestamp="2022-08-16T10:44:06 IST" skipped="0">
  <testcase classname="com.TestNGconcepts.ParameterisedTest" name="login" time="0.017"/>
  <system-out/>
</testsuite> <!-- com.TestNGconcepts.ParameterisedTest -->
