<?xml version="1.0" encoding="UTF-8"?>
<!-- Generated by org.testng.reporters.JUnitReportReporter -->
<testsuite hostname="DESKTOP-8SP4TE9" failures="0" tests="2" name="com.TestNGconcepts.IgnoreTest" time="0.015" errors="0" timestamp="2022-08-10T20:58:26 IST" skipped="1">
  <testcase classname="com.TestNGconcepts.IgnoreTest" name="java" time="0.015"/>
  <system-out/>
  <testcase classname="com.TestNGconcepts.IgnoreTest" name="sel">
    <skipped/>
  </testcase> <!-- sel -->
  <system-out/>
</testsuite> <!-- com.TestNGconcepts.IgnoreTest -->
