<?xml version="1.0" encoding="UTF-8"?>
<!-- Generated by org.testng.reporters.JUnitReportReporter -->
<testsuite hostname="DESKTOP-8SP4TE9" failures="0" tests="6" name="com.TestNGconcepts.Priority_Test" time="0.033" errors="0" timestamp="2022-08-09T16:08:48 IST" skipped="0">
  <testcase classname="com.TestNGconcepts.Priority_Test" name="tennis" time="0.005"/>
  <system-out/>
  <testcase classname="com.TestNGconcepts.Priority_Test" name="tennis" time="0.014"/>
  <system-out/>
  <testcase classname="com.TestNGconcepts.Priority_Test" name="tennis" time="0.003"/>
  <system-out/>
  <testcase classname="com.TestNGconcepts.Priority_Test" name="chess" time="0.007"/>
  <system-out/>
  <testcase classname="com.TestNGconcepts.Priority_Test" name="chess" time="0.002"/>
  <system-out/>
  <testcase classname="com.TestNGconcepts.Priority_Test" name="cricket" time="0.002"/>
  <system-out/>
</testsuite> <!-- com.TestNGconcepts.Priority_Test -->
