<?xml version="1.0" encoding="UTF-8"?>
<!-- Generated by org.testng.reporters.JUnitReportReporter -->
<testsuite hostname="DESKTOP-8SP4TE9" failures="0" tests="4" name="com.TestNGconcepts.DependenceTest" time="0.025" errors="0" timestamp="2022-08-10T21:05:38 IST" skipped="0">
  <testcase classname="com.TestNGconcepts.DependenceTest" name="myn" time="0.005"/>
  <system-out/>
  <testcase classname="com.TestNGconcepts.DependenceTest" name="flip" time="0.003"/>
  <system-out/>
  <testcase classname="com.TestNGconcepts.DependenceTest" name="mees" time="0.002"/>
  <system-out/>
  <testcase classname="com.TestNGconcepts.DependenceTest" name="amaz" time="0.015"/>
  <system-out/>
</testsuite> <!-- com.TestNGconcepts.DependenceTest -->
