<?xml version="1.0" encoding="UTF-8"?>
<!-- Generated by org.testng.reporters.JUnitReportReporter -->
<testsuite hostname="DESKTOP-8SP4TE9" failures="0" tests="8" name="com.TestNGconcepts.GroupTest" time="0.045" errors="0" timestamp="2022-08-10T21:21:14 IST" skipped="0">
  <testcase classname="com.TestNGconcepts.GroupTest" name="flip" time="0.002"/>
  <system-out/>
  <testcase classname="com.TestNGconcepts.GroupTest" name="pay" time="0.002"/>
  <system-out/>
  <testcase classname="com.TestNGconcepts.GroupTest" name="phon" time="0.003"/>
  <system-out/>
  <testcase classname="com.TestNGconcepts.GroupTest" name="myn" time="0.006"/>
  <system-out/>
  <testcase classname="com.TestNGconcepts.GroupTest" name="gpay" time="0.003"/>
  <system-out/>
  <testcase classname="com.TestNGconcepts.GroupTest" name="mees" time="0.005"/>
  <system-out/>
  <testcase classname="com.TestNGconcepts.GroupTest" name="amaz" time="0.021"/>
  <system-out/>
  <testcase classname="com.TestNGconcepts.GroupTest" name="bhi" time="0.003"/>
  <system-out/>
</testsuite> <!-- com.TestNGconcepts.GroupTest -->
