<?xml version="1.0" encoding="UTF-8"?>
<!-- Generated by org.testng.reporters.JUnitReportReporter -->
<testsuite hostname="DESKTOP-8SP4TE9" failures="0" tests="3" name="com.TestNGconcepts.DataProviderTest" time="0.018" errors="0" timestamp="2022-08-16T10:59:49 IST" skipped="0">
  <testcase classname="com.TestNGconcepts.DataProviderTest" name="loginfunction" time="0.014"/>
  <system-out/>
  <testcase classname="com.TestNGconcepts.DataProviderTest" name="loginfunction" time="0.002"/>
  <system-out/>
  <testcase classname="com.TestNGconcepts.DataProviderTest" name="loginfunction" time="0.002"/>
  <system-out/>
</testsuite> <!-- com.TestNGconcepts.DataProviderTest -->
